<?xml version="1.0" encoding="UTF-8"?>
<!-- Generated by org.testng.reporters.JUnitReportReporter -->
<testsuite hostname="DESKTOP-8EGN6D2" failures="0" tests="6" name="xpath.finder.xpath" time="70.309" errors="0" timestamp="2023-07-24T14:33:24 IST" skipped="0">
  <testcase classname="xpath.finder.xpath" name="xx" time="20.043"/>
  <testcase classname="xpath.finder.xpath" name="xgoogle" time="6.708"/>
  <testcase classname="xpath.finder.xpath" name="ctitle" time="13.592"/>
  <testcase classname="xpath.finder.xpath" name="check" time="6.942"/>
  <testcase classname="xpath.finder.xpath" name="xxtable" time="14.495"/>
  <testcase classname="xpath.finder.xpath" name="tables" time="8.529"/>
</testsuite> <!-- xpath.finder.xpath -->
