<?xml version="1.0" encoding="UTF-8"?>
<!-- Generated by org.testng.reporters.JUnitReportReporter -->
<testsuite hostname="DESKTOP-8EGN6D2" failures="0" tests="1" name="testng.testngproject.priority" time="12.860" errors="0" timestamp="2023-07-20T13:00:49 IST" skipped="0">
  <testcase classname="testng.testngproject.priority" name="check" time="12.860"/>
</testsuite> <!-- testng.testngproject.priority -->
