<?xml version="1.0" encoding="UTF-8"?>
<!-- Generated by org.testng.reporters.JUnitReportReporter -->
<testsuite hostname="DESKTOP-8EGN6D2" failures="0" tests="3" name="dummypom.dummypom.deletePOM.xpath" time="36.898" errors="0" timestamp="2023-07-20T13:13:46 IST" skipped="0">
  <testcase classname="dummypom.dummypom.deletePOM.xpath" name="check" time="7.088"/>
  <testcase classname="dummypom.dummypom.deletePOM.xpath" name="xx" time="20.310"/>
  <testcase classname="dummypom.dummypom.deletePOM.xpath" name="ctitle" time="9.500"/>
</testsuite> <!-- dummypom.dummypom.deletePOM.xpath -->
